[LOG] System::create                           : Header version = 2.00.05. Current version = 2.00.05.
[LOG] Manager::init                            : maxchannels = 256 studioflags = 00000006 flags 00000000 extradriverdata 0000000000000000.
[LOG] SystemI::init                            : Initialize version=20005 (105402), maxchannels=256, flags=0x00020000
[LOG] SystemI::setOutputInternal               : Setting output to 'FMOD WASAPI Output'
[LOG] OutputWASAPI::init                       : Mix Format (WAVEFORMATEX): wFormatTag=0xFFFE, nChannels=8, nSamplesPerSec=48000, nAvgBytesPerSec=1536000, nBlockAlign=32, wBitsPerSample=32, cbSize=22.
[LOG] OutputWASAPI::init                       : Mix Format (WAVEFORMATEXTENSIBLE): wValidBitsPerSample=32, dwChannelMask=0x0000063F, SubFormat=00000003-0000-0010-8000-00AA00389B71.
[LOG] OutputWASAPI::init                       : Output buffer size: 4096 samples, latency: 0.00ms, period: 10.00ms, DSP buffer: 1024 * 4
[LOG] DownMix::init                            : dspbuffersize: 1024  rate: 48000. output speaker mode: 7, input speaker mode 3
[LOG] DownMix::init                            : done.
[LOG] Thread::initThread                       : Init FMOD stream thread. Priority: 2, Stack Size: 98304, Semaphore: No, Sleep Time: 10, Looping: Yes.
[LOG] Thread::initThread                       : Init FMOD mixer thread. Priority: 3, Stack Size: 81920, Semaphore: No, Sleep Time: 0, Looping: Yes.
[LOG] AsyncManager::init                       : manager 000002CA370A2F28 isAsync 0 updatePeriod 0.02
[LOG] AsyncManager::init                       : done
[LOG] PlaybackSystem::init                     : 
[LOG] Thread::initThread                       : Init FMOD Studio sample load thread. Priority: 0, Stack Size: 98304, Semaphore: No, Sleep Time: 1, Looping: No.
[LOG] PlaybackSystem::init                     : done
[LOG] Thread::initThread                       : Init FMOD Studio bank load thread. Priority: 0, Stack Size: 98304, Semaphore: No, Sleep Time: 1, Looping: No.
[LOG] Manager::init                            : done.
[LOG] Manager::readBank                        : fileversion = 123, compatVersion = 119 (oldest = 44, newest = 123)
[LOG] PlaybackSystem::acquireMasterBus         : Setting master channel group format to 6
[LOG] SystemI::createSoundInternal             : Create name='', mode=0x02000202
[LOG] SystemI::createSoundInternal             : exinfo->cbsize             = 224
[LOG] SystemI::createSoundInternal             : exinfo->length             = 3883360
[LOG] SystemI::createSoundInternal             : exinfo->fileoffset         = 19424
[LOG] SystemI::createSoundInternal             : exinfo->numsubsounds       = 1
[LOG] SystemI::createSoundInternal             : exinfo->inclusionlist      = 000000DF5DABEF4C
[LOG] SystemI::createSoundInternal             : exinfo->inclusionlistnum   = 1
[LOG] SystemI::createSoundInternal             : exinfo->suggestedsoundtype = 5
[LOG] SystemI::createSoundInternal             : exinfo->useropen           = 00007FFFEFF37F20
[LOG] SystemI::createSoundInternal             : exinfo->userclose          = 00007FFFEFF37EF0
[LOG] SystemI::createSoundInternal             : exinfo->userread           = 00007FFFEFF37FF0
[LOG] SystemI::createSoundInternal             : exinfo->userseek           = 00007FFFEFF380B0
[LOG] SystemI::createSoundInternal             : exinfo->fileuserdata       = 000002CA0B06B558
[LOG] SystemI::createSoundInternal             : exinfo->initialseekpostype = 1
[LOG] SystemI::DSPCodecPoolRegister            : register codec pool for pool type 5
[LOG] SystemI::createSoundInternal             : Sample 0/1: name='MicrosoftSynth', format=2, channels=1, frequency=48000, lengthbytes=7776, lengthpcm=51409, pcmblocksize=0, loopstart=0, loopend=0, mode=0x00000000, channelmask=0x00000000, channelorder=0, peakvolume=0.757904.
[LOG] SystemI::createSoundInternal             : Create name='', mode=0x02000202
[LOG] SystemI::createSoundInternal             : exinfo->cbsize             = 224
[LOG] SystemI::createSoundInternal             : exinfo->length             = 3883360
[LOG] SystemI::createSoundInternal             : exinfo->fileoffset         = 19424
[LOG] SystemI::createSoundInternal             : exinfo->numsubsounds       = 1
[LOG] SystemI::createSoundInternal             : exinfo->inclusionlist      = 000000DF5DABEF4C
[LOG] SystemI::createSoundInternal             : exinfo->inclusionlistnum   = 1
[LOG] SystemI::createSoundInternal             : exinfo->suggestedsoundtype = 5
[LOG] SystemI::createSoundInternal             : exinfo->useropen           = 00007FFFEFF37F20
[LOG] SystemI::createSoundInternal             : exinfo->userclose          = 00007FFFEFF37EF0
[LOG] SystemI::createSoundInternal             : exinfo->userread           = 00007FFFEFF37FF0
[LOG] SystemI::createSoundInternal             : exinfo->userseek           = 00007FFFEFF380B0
[LOG] SystemI::createSoundInternal             : exinfo->fileuserdata       = 000002CA0B06B558
[LOG] SystemI::createSoundInternal             : exinfo->initialseekpostype = 1
[LOG] SystemI::DSPCodecPoolRegister            : register codec pool for pool type 5
[LOG] SystemI::createSoundInternal             : Sample 0/1: name='SoEmotionalSynth', format=2, channels=2, frequency=48000, lengthbytes=81888, lengthpcm=339774, pcmblocksize=0, loopstart=0, loopend=0, mode=0x00000000, channelmask=0x00000000, channelorder=0, peakvolume=0.742096.
[LOG] SoundI::release                          :  (000002C991C029D8)
[LOG] SoundI::release                          :     SoEmotionalSynth (000002C9EB8500F8)
[LOG] SoundI::release                          :  (000002C991C02868)
[LOG] SoundI::release                          :     MicrosoftSynth (000002C9EB850C58)
[LOG] Manager::readBank                        : fileversion = 123, compatVersion = 119 (oldest = 44, newest = 123)
[LOG] PlaybackSystem::acquireMasterBus         : Setting master channel group format to 6
[LOG] SystemI::createSound                     : filename = D:/Weatheer/WeatherDome11_11/Build/Desktop/Master.bank : mode 02010082
[LOG] SystemI::createSound                     : FMOD_NONBLOCKING specified.  Putting into queue to be opened asynchronously!
[LOG] Thread::initThread                       : Init FMOD nonblocking thread (0). Priority: 1, Stack Size: 114688, Semaphore: Yes, Sleep Time: 0, Looping: Yes.
[LOG] SystemI::createSound                     : setdata soundi = 000002C9ABE539E8 : node = 000002CA09E38340
[LOG] SystemI::createSound                     : add node to async list : head = 000002C984B8BA18.  list count = 0
[LOG] AsyncThread::threadFunc                  : Starting Asynchronous operation on sound 000002C9ABE539E8
[LOG] SystemI::createSoundInternal             :     Create name='D:/Weatheer/WeatherDome11_11/Build/Desktop/Master.bank', mode=0x02010082
[LOG] SystemI::createSoundInternal             :     exinfo->cbsize             = 224
[LOG] SystemI::createSoundInternal             :     exinfo->length             = 3883360
[LOG] SystemI::createSoundInternal             :     exinfo->fileoffset         = 19424
[LOG] SystemI::createSoundInternal             :     exinfo->numsubsounds       = 1
[LOG] SystemI::createSoundInternal             :     exinfo->inclusionlist      = 000002CA09E38450
[LOG] SystemI::createSoundInternal             :     exinfo->inclusionlistnum   = 1
[LOG] SystemI::createSoundInternal             :     exinfo->suggestedsoundtype = 5
[LOG] SystemI::createSoundInternal             :     exinfo->initialseekpostype = 1
[LOG] SystemI::createSoundInternal             :     Stream 0/1: name='stardust_harp', format=2, channels=2, frequency=48000, lengthbytes=589440, lengthpcm=2764800, pcmblocksize=0, loopstart=0, loopend=0, mode=0x00000000, channelmask=0x00000000, channelorder=0, peakvolume=0.568848.
[LOG] Thread::initThread                       :     Init FMOD file thread. Priority: 1, Stack Size: 49152, Semaphore: No, Sleep Time: 10, Looping: Yes.
[LOG] AsyncThread::threadFunc                  : Finished Asynchronous operation on sound 000002C9ABE539E8
[LOG] SoundI::getSubSound                      : sound 000002C9ABE539E8.  Subsound index 0 / 1
[LOG] SoundI::release                          : stardust_harp (000002C9ABE539E8)
[LOG] SoundI::release                          :     stardust_harp (000002C984B8AF08)
[LOG] SoundI::release                          :     stardust_harp (000002CA1488B9B8)
[LOG] Manager::readBank                        : fileversion = 123, compatVersion = 119 (oldest = 44, newest = 123)
[LOG] PlaybackSystem::acquireMasterBus         : Setting master channel group format to 6
[LOG] SystemI::createSoundInternal             : Create name='', mode=0x02000202
[LOG] SystemI::createSoundInternal             : exinfo->cbsize             = 224
[LOG] SystemI::createSoundInternal             : exinfo->length             = 3883360
[LOG] SystemI::createSoundInternal             : exinfo->fileoffset         = 19424
[LOG] SystemI::createSoundInternal             : exinfo->numsubsounds       = 1
[LOG] SystemI::createSoundInternal             : exinfo->inclusionlist      = 000000DF5DABEF4C
[LOG] SystemI::createSoundInternal             : exinfo->inclusionlistnum   = 1
[LOG] SystemI::createSoundInternal             : exinfo->suggestedsoundtype = 5
[LOG] SystemI::createSoundInternal             : exinfo->useropen           = 00007FFFEFF37F20
[LOG] SystemI::createSoundInternal             : exinfo->userclose          = 00007FFFEFF37EF0
[LOG] SystemI::createSoundInternal             : exinfo->userread           = 00007FFFEFF37FF0
[LOG] SystemI::createSoundInternal             : exinfo->userseek           = 00007FFFEFF380B0
[LOG] SystemI::createSoundInternal             : exinfo->fileuserdata       = 000002CA37578CC8
[LOG] SystemI::createSoundInternal             : exinfo->initialseekpostype = 1
[LOG] SystemI::DSPCodecPoolRegister            : register codec pool for pool type 5
[LOG] SystemI::createSoundInternal             : Sample 0/1: name='MicrosoftSynth', format=2, channels=1, frequency=48000, lengthbytes=7776, lengthpcm=51409, pcmblocksize=0, loopstart=0, loopend=0, mode=0x00000000, channelmask=0x00000000, channelorder=0, peakvolume=0.757904.
[LOG] SystemI::createSoundInternal             : Create name='', mode=0x02000202
[LOG] SystemI::createSoundInternal             : exinfo->cbsize             = 224
[LOG] SystemI::createSoundInternal             : exinfo->length             = 3883360
[LOG] SystemI::createSoundInternal             : exinfo->fileoffset         = 19424
[LOG] SystemI::createSoundInternal             : exinfo->numsubsounds       = 1
[LOG] SystemI::createSoundInternal             : exinfo->inclusionlist      = 000000DF5DABEF4C
[LOG] SystemI::createSoundInternal             : exinfo->inclusionlistnum   = 1
[LOG] SystemI::createSoundInternal             : exinfo->suggestedsoundtype = 5
[LOG] SystemI::createSoundInternal             : exinfo->useropen           = 00007FFFEFF37F20
[LOG] SystemI::createSoundInternal             : exinfo->userclose          = 00007FFFEFF37EF0
[LOG] SystemI::createSoundInternal             : exinfo->userread           = 00007FFFEFF37FF0
[LOG] SystemI::createSoundInternal             : exinfo->userseek           = 00007FFFEFF380B0
[LOG] SystemI::createSoundInternal             : exinfo->fileuserdata       = 000002CA37578CC8
[LOG] SystemI::createSoundInternal             : exinfo->initialseekpostype = 1
[LOG] SystemI::DSPCodecPoolRegister            : register codec pool for pool type 5
[LOG] SystemI::createSoundInternal             : Sample 0/1: name='SoEmotionalSynth', format=2, channels=2, frequency=48000, lengthbytes=81888, lengthpcm=339774, pcmblocksize=0, loopstart=0, loopend=0, mode=0x00000000, channelmask=0x00000000, channelorder=0, peakvolume=0.742096.
[LOG] SoundI::release                          :  (000002C990D8A208)
[LOG] SoundI::release                          :     SoEmotionalSynth (000002C984B8BC08)
[LOG] SoundI::release                          :  (000002CA178E5668)
[LOG] SoundI::release                          :     MicrosoftSynth (000002C984B8A548)
[LOG] Manager::readBank                        : fileversion = 123, compatVersion = 119 (oldest = 44, newest = 123)
[LOG] PlaybackSystem::acquireMasterBus         : Setting master channel group format to 6
[LOG] SystemI::createSoundInternal             : Create name='', mode=0x02000202
[LOG] SystemI::createSoundInternal             : exinfo->cbsize             = 224
[LOG] SystemI::createSoundInternal             : exinfo->length             = 3883360
[LOG] SystemI::createSoundInternal             : exinfo->fileoffset         = 19424
[LOG] SystemI::createSoundInternal             : exinfo->numsubsounds       = 1
[LOG] SystemI::createSoundInternal             : exinfo->inclusionlist      = 000000DF5DABEF4C
[LOG] SystemI::createSoundInternal             : exinfo->inclusionlistnum   = 1
[LOG] SystemI::createSoundInternal             : exinfo->suggestedsoundtype = 5
[LOG] SystemI::createSoundInternal             : exinfo->useropen           = 00007FFFEFF37F20
[LOG] SystemI::createSoundInternal             : exinfo->userclose          = 00007FFFEFF37EF0
[LOG] SystemI::createSoundInternal             : exinfo->userread           = 00007FFFEFF37FF0
[LOG] SystemI::createSoundInternal             : exinfo->userseek           = 00007FFFEFF380B0
[LOG] SystemI::createSoundInternal             : exinfo->fileuserdata       = 000002CA3757B3F8
[LOG] SystemI::createSoundInternal             : exinfo->initialseekpostype = 1
[LOG] SystemI::DSPCodecPoolRegister            : register codec pool for pool type 5
[LOG] SystemI::createSoundInternal             : Sample 0/1: name='FilteredSynth', format=2, channels=2, frequency=48000, lengthbytes=6336, lengthpcm=45088, pcmblocksize=0, loopstart=0, loopend=0, mode=0x00000000, channelmask=0x00000000, channelorder=0, peakvolume=0.211884.
[LOG] SystemI::createSoundInternal             : Create name='', mode=0x02000202
[LOG] SystemI::createSoundInternal             : exinfo->cbsize             = 224
[LOG] SystemI::createSoundInternal             : exinfo->length             = 3883360
[LOG] SystemI::createSoundInternal             : exinfo->fileoffset         = 19424
[LOG] SystemI::createSoundInternal             : exinfo->numsubsounds       = 1
[LOG] SystemI::createSoundInternal             : exinfo->inclusionlist      = 000000DF5DABEF4C
[LOG] SystemI::createSoundInternal             : exinfo->inclusionlistnum   = 1
[LOG] SystemI::createSoundInternal             : exinfo->suggestedsoundtype = 5
[LOG] SystemI::createSoundInternal             : exinfo->useropen           = 00007FFFEFF37F20
[LOG] SystemI::createSoundInternal             : exinfo->userclose          = 00007FFFEFF37EF0
[LOG] SystemI::createSoundInternal             : exinfo->userread           = 00007FFFEFF37FF0
[LOG] SystemI::createSoundInternal             : exinfo->userseek           = 00007FFFEFF380B0
[LOG] SystemI::createSoundInternal             : exinfo->fileuserdata       = 000002CA3757B3F8
[LOG] SystemI::createSoundInternal             : exinfo->initialseekpostype = 1
[LOG] SystemI::DSPCodecPoolRegister            : register codec pool for pool type 5
[LOG] SystemI::createSoundInternal             : Sample 0/1: name='HardSynth', format=2, channels=2, frequency=48000, lengthbytes=16288, lengthpcm=94778, pcmblocksize=0, loopstart=0, loopend=0, mode=0x00000000, channelmask=0x00000000, channelorder=0, peakvolume=0.732880.
[LOG] SystemI::createSoundInternal             : Create name='', mode=0x02000202
[LOG] SystemI::createSoundInternal             : exinfo->cbsize             = 224
[LOG] SystemI::createSoundInternal             : exinfo->length             = 3883360
[LOG] SystemI::createSoundInternal             : exinfo->fileoffset         = 19424
[LOG] SystemI::createSoundInternal             : exinfo->numsubsounds       = 1
[LOG] SystemI::createSoundInternal             : exinfo->inclusionlist      = 000000DF5DABEF4C
[LOG] SystemI::createSoundInternal             : exinfo->inclusionlistnum   = 1
[LOG] SystemI::createSoundInternal             : exinfo->suggestedsoundtype = 5
[LOG] SystemI::createSoundInternal             : exinfo->useropen           = 00007FFFEFF37F20
[LOG] SystemI::createSoundInternal             : exinfo->userclose          = 00007FFFEFF37EF0
[LOG] SystemI::createSoundInternal             : exinfo->userread           = 00007FFFEFF37FF0
[LOG] SystemI::createSoundInternal             : exinfo->userseek           = 00007FFFEFF380B0
[LOG] SystemI::createSoundInternal             : exinfo->fileuserdata       = 000002CA3757B3F8
[LOG] SystemI::createSoundInternal             : exinfo->initialseekpostype = 1
[LOG] SystemI::DSPCodecPoolRegister            : register codec pool for pool type 5
[LOG] SystemI::createSoundInternal             : Sample 0/1: name='SoEmotionalDrums', format=2, channels=2, frequency=48000, lengthbytes=44608, lengthpcm=167462, pcmblocksize=0, loopstart=0, loopend=0, mode=0x00000000, channelmask=0x00000000, channelorder=0, peakvolume=0.530792.
[LOG] SoundI::release                          :  (000002CA178E5668)
[LOG] SoundI::release                          :     HardSynth (000002C984B8BC08)
[LOG] SoundI::release                          :  (000002C9901536D8)
[LOG] SoundI::release                          :     SoEmotionalDrums (000002C984B8BDA8)
[LOG] SoundI::release                          :  (000002C990D8A208)
[LOG] SoundI::release                          :     FilteredSynth (000002C984B8B3E8)
[LOG] Manager::readBank                        : fileversion = 123, compatVersion = 119 (oldest = 44, newest = 123)
[LOG] PlaybackSystem::acquireMasterBus         : Setting master channel group format to 6
[LOG] SystemI::createSoundInternal             : Create name='', mode=0x02000202
[LOG] SystemI::createSoundInternal             : exinfo->cbsize             = 224
[LOG] SystemI::createSoundInternal             : exinfo->length             = 3883360
[LOG] SystemI::createSoundInternal             : exinfo->fileoffset         = 19424
[LOG] SystemI::createSoundInternal             : exinfo->numsubsounds       = 1
[LOG] SystemI::createSoundInternal             : exinfo->inclusionlist      = 000000DF5DABEF4C
[LOG] SystemI::createSoundInternal             : exinfo->inclusionlistnum   = 1
[LOG] SystemI::createSoundInternal             : exinfo->suggestedsoundtype = 5
[LOG] SystemI::createSoundInternal             : exinfo->useropen           = 00007FFFEFF37F20
[LOG] SystemI::createSoundInternal             : exinfo->userclose          = 00007FFFEFF37EF0
[LOG] SystemI::createSoundInternal             : exinfo->userread           = 00007FFFEFF37FF0
[LOG] SystemI::createSoundInternal             : exinfo->userseek           = 00007FFFEFF380B0
[LOG] SystemI::createSoundInternal             : exinfo->fileuserdata       = 000002CA3757DF48
[LOG] SystemI::createSoundInternal             : exinfo->initialseekpostype = 1
[LOG] SystemI::DSPCodecPoolRegister            : register codec pool for pool type 5
[LOG] SystemI::createSoundInternal             : Sample 0/1: name='475094__josh74000mc__thunder3', format=2, channels=2, frequency=48000, lengthbytes=47456, lengthpcm=169294, pcmblocksize=0, loopstart=0, loopend=0, mode=0x00000000, channelmask=0x00000000, channelorder=0, peakvolume=0.999969.
[LOG] SystemI::createSound                     : filename = D:/Weatheer/WeatherDome11_11/Build/Desktop/Master.bank : mode 02010082
[LOG] SystemI::createSound                     : FMOD_NONBLOCKING specified.  Putting into queue to be opened asynchronously!
[LOG] SystemI::createSound                     : setdata soundi = 000002C9ABE53328 : node = 000002CA09E385C0
[LOG] SystemI::createSound                     : add node to async list : head = 000002C984B8BA18.  list count = 0
[LOG] SystemI::createSound                     : filename = D:/Weatheer/WeatherDome11_11/Build/Desktop/Master.bank : mode 02010082
[LOG] AsyncThread::threadFunc                  : Starting Asynchronous operation on sound 000002C9ABE53328
[LOG] SystemI::createSound                     : FMOD_NONBLOCKING specified.  Putting into queue to be opened asynchronously!
[LOG] SystemI::createSoundInternal             :     Create name='D:/Weatheer/WeatherDome11_11/Build/Desktop/Master.bank', mode=0x02010082
[LOG] SystemI::createSound                     :     setdata soundi = 000002C9ABE539E8 : node = 000002CA09E38340
[LOG] SystemI::createSoundInternal             :     exinfo->cbsize             = 224
[LOG] SystemI::createSound                     :     add node to async list : head = 000002C984B8BA18.  list count = 0
[LOG] SystemI::createSoundInternal             :     exinfo->length             = 3883360
[LOG] SystemI::createSoundInternal             :     exinfo->fileoffset         = 19424
[LOG] SystemI::createSoundInternal             :     exinfo->numsubsounds       = 1
[LOG] SystemI::createSoundInternal             :     exinfo->inclusionlist      = 000002CA09E386D0
[LOG] SystemI::createSoundInternal             :     exinfo->inclusionlistnum   = 1
[LOG] SystemI::createSoundInternal             :     exinfo->suggestedsoundtype = 5
[LOG] SystemI::createSoundInternal             :     exinfo->initialseekpostype = 1
[LOG] SystemI::createSoundInternal             :     Stream 0/1: name='464731__heymanzzzz__chill-vibe', format=2, channels=2, frequency=48000, lengthbytes=2068064, lengthpcm=7154527, pcmblocksize=0, loopstart=0, loopend=0, mode=0x00000000, channelmask=0x00000000, channelorder=0, peakvolume=0.999969.
[LOG] AsyncThread::threadFunc                  : Finished Asynchronous operation on sound 000002C9ABE53328
[LOG] AsyncThread::threadFunc                  : Starting Asynchronous operation on sound 000002C9ABE539E8
[LOG] SystemI::createSoundInternal             :     Create name='D:/Weatheer/WeatherDome11_11/Build/Desktop/Master.bank', mode=0x02010082
[LOG] SystemI::createSoundInternal             :     exinfo->cbsize             = 224
[LOG] SystemI::createSoundInternal             :     exinfo->length             = 3883360
[LOG] SystemI::createSoundInternal             :     exinfo->fileoffset         = 19424
[LOG] SystemI::createSoundInternal             :     exinfo->numsubsounds       = 1
[LOG] SystemI::createSoundInternal             :     exinfo->inclusionlist      = 000002CA09E38450
[LOG] SystemI::createSoundInternal             :     exinfo->inclusionlistnum   = 1
[LOG] SystemI::createSoundInternal             :     exinfo->suggestedsoundtype = 5
[LOG] SystemI::createSoundInternal             :     exinfo->initialseekposition = 300
[LOG] SystemI::createSoundInternal             :     exinfo->initialseekpostype = 1
[LOG] SystemI::createSoundInternal             :     Stream 0/1: name='243627__lebaston100__heavy-rain', format=2, channels=2, frequency=48000, lengthbytes=1018368, lengthpcm=4966470, pcmblocksize=0, loopstart=0, loopend=0, mode=0x00000000, channelmask=0x00000000, channelorder=0, peakvolume=1.000000.
[LOG] AsyncThread::threadFunc                  : Finished Asynchronous operation on sound 000002C9ABE539E8
[LOG] SoundI::getSubSound                      : sound 000002C9ABE53328.  Subsound index 0 / 1
[LOG] SoundI::getSubSound                      : sound 000002C9ABE539E8.  Subsound index 0 / 1
[LOG] SystemI::createSound                     : filename = D:/Weatheer/WeatherDome11_11/Build/Desktop/Master.bank : mode 02010082
[LOG] SystemI::createSound                     : FMOD_NONBLOCKING specified.  Putting into queue to be opened asynchronously!
[LOG] SystemI::createSound                     : setdata soundi = 000002CA13BBEAD8 : node = 000002C9EB6851C0
[LOG] SystemI::createSound                     : add node to async list : head = 000002C984B8BA18.  list count = 0
[LOG] AsyncThread::threadFunc                  : Starting Asynchronous operation on sound 000002CA13BBEAD8
[LOG] SystemI::createSound                     : filename = D:/Weatheer/WeatherDome11_11/Build/Desktop/Master.bank : mode 02010082
[LOG] SystemI::createSoundInternal             :     Create name='D:/Weatheer/WeatherDome11_11/Build/Desktop/Master.bank', mode=0x02010082
[LOG] SystemI::createSound                     :     FMOD_NONBLOCKING specified.  Putting into queue to be opened asynchronously!
[LOG] SystemI::createSoundInternal             :     exinfo->cbsize             = 224
[LOG] SystemI::createSound                     :     setdata soundi = 000002CA13BBE778 : node = 000002C9EB685A80
[LOG] SystemI::createSoundInternal             :     exinfo->length             = 3883360
[LOG] SystemI::createSound                     :     add node to async list : head = 000002C984B8BA18.  list count = 0
[LOG] SystemI::createSoundInternal             :     exinfo->fileoffset         = 19424
[LOG] SystemI::createSoundInternal             :     exinfo->numsubsounds       = 1
[LOG] SystemI::createSoundInternal             :     exinfo->inclusionlist      = 000002C9EB6852D0
[LOG] SystemI::createSoundInternal             :     exinfo->inclusionlistnum   = 1
[LOG] SystemI::createSoundInternal             :     exinfo->suggestedsoundtype = 5
[LOG] SystemI::createSoundInternal             :     exinfo->initialseekpostype = 1
[LOG] SystemI::createSoundInternal             :     Stream 0/1: name='464731__heymanzzzz__chill-vibe', format=2, channels=2, frequency=48000, lengthbytes=2068064, lengthpcm=7154527, pcmblocksize=0, loopstart=0, loopend=0, mode=0x00000000, channelmask=0x00000000, channelorder=0, peakvolume=0.999969.
[LOG] AsyncThread::threadFunc                  : Finished Asynchronous operation on sound 000002CA13BBEAD8
[LOG] AsyncThread::threadFunc                  : Starting Asynchronous operation on sound 000002CA13BBE778
[LOG] SystemI::createSoundInternal             :     Create name='D:/Weatheer/WeatherDome11_11/Build/Desktop/Master.bank', mode=0x02010082
[LOG] SystemI::createSoundInternal             :     exinfo->cbsize             = 224
[LOG] SystemI::createSoundInternal             :     exinfo->length             = 3883360
[LOG] SystemI::createSoundInternal             :     exinfo->fileoffset         = 19424
[LOG] SystemI::createSoundInternal             :     exinfo->numsubsounds       = 1
[LOG] SystemI::createSoundInternal             :     exinfo->inclusionlist      = 000002C9EB685B90
[LOG] SystemI::createSoundInternal             :     exinfo->inclusionlistnum   = 1
[LOG] SystemI::createSoundInternal             :     exinfo->suggestedsoundtype = 5
[LOG] SystemI::createSoundInternal             :     exinfo->initialseekposition = 300
[LOG] SystemI::createSoundInternal             :     exinfo->initialseekpostype = 1
[LOG] SystemI::createSoundInternal             :     Stream 0/1: name='243627__lebaston100__heavy-rain', format=2, channels=2, frequency=48000, lengthbytes=1018368, lengthpcm=4966470, pcmblocksize=0, loopstart=0, loopend=0, mode=0x00000000, channelmask=0x00000000, channelorder=0, peakvolume=1.000000.
[LOG] AsyncThread::threadFunc                  : Finished Asynchronous operation on sound 000002CA13BBE778
[LOG] SoundI::getSubSound                      : sound 000002CA13BBEAD8.  Subsound index 0 / 1
[LOG] SoundI::getSubSound                      : sound 000002CA13BBE778.  Subsound index 0 / 1
[LOG] SoundI::release                          : 243627__lebaston100__heavy-rain (000002C9ABE539E8)
[LOG] SoundI::release                          :     243627__lebaston100__heavy-rain (000002C984B8AF08)
[LOG] SoundI::release                          :     243627__lebaston100__heavy-rain (000002C9ABE52FC8)
[LOG] SoundI::release                          : 464731__heymanzzzz__chill-vibe (000002C9ABE53328)
[LOG] SoundI::release                          :     464731__heymanzzzz__chill-vibe (000002C984B8B3E8)
[LOG] SoundI::release                          :     464731__heymanzzzz__chill-vibe (000002C9ABE53B98)
[LOG] SoundI::release                          :  (000002C990D8A208)
[LOG] SoundI::release                          :     475094__josh74000mc__thunder3 (000002C984B8BC08)
[LOG] SoundI::release                          : 243627__lebaston100__heavy-rain (000002CA13BBE778)
[LOG] SoundI::release                          :     243627__lebaston100__heavy-rain (000002C98B9AD748)
[LOG] SoundI::release                          :     243627__lebaston100__heavy-rain (000002C9AC6DF308)
[LOG] SoundI::release                          : 464731__heymanzzzz__chill-vibe (000002CA13BBEAD8)
[LOG] SoundI::release                          :     464731__heymanzzzz__chill-vibe (000002C98B9AD408)
[LOG] SoundI::release                          :     464731__heymanzzzz__chill-vibe (000002C9ABE53688)
[LOG] Manager::readBank                        : fileversion = 123, compatVersion = 119 (oldest = 44, newest = 123)
[LOG] PlaybackSystem::acquireMasterBus         : Setting master channel group format to 6
[LOG] SystemI::createSoundInternal             : Create name='', mode=0x02000202
[LOG] SystemI::createSoundInternal             : exinfo->cbsize             = 224
[LOG] SystemI::createSoundInternal             : exinfo->length             = 3883360
[LOG] SystemI::createSoundInternal             : exinfo->fileoffset         = 19424
[LOG] SystemI::createSoundInternal             : exinfo->numsubsounds       = 1
[LOG] SystemI::createSoundInternal             : exinfo->inclusionlist      = 000000DF5DABEF4C
[LOG] SystemI::createSoundInternal             : exinfo->inclusionlistnum   = 1
[LOG] SystemI::createSoundInternal             : exinfo->suggestedsoundtype = 5
[LOG] SystemI::createSoundInternal             : exinfo->useropen           = 00007FFFEFF37F20
[LOG] SystemI::createSoundInternal             : exinfo->userclose          = 00007FFFEFF37EF0
[LOG] SystemI::createSoundInternal             : exinfo->userread           = 00007FFFEFF37FF0
[LOG] SystemI::createSoundInternal             : exinfo->userseek           = 00007FFFEFF380B0
[LOG] SystemI::createSoundInternal             : exinfo->fileuserdata       = 000002CA0E044128
[LOG] SystemI::createSoundInternal             : exinfo->initialseekpostype = 1
[LOG] SystemI::DSPCodecPoolRegister            : register codec pool for pool type 5
[LOG] SystemI::createSoundInternal             : Sample 0/1: name='FilteredSynth', format=2, channels=2, frequency=48000, lengthbytes=6336, lengthpcm=45088, pcmblocksize=0, loopstart=0, loopend=0, mode=0x00000000, channelmask=0x00000000, channelorder=0, peakvolume=0.211884.
[LOG] SystemI::createSoundInternal             : Create name='', mode=0x02000202
[LOG] SystemI::createSoundInternal             : exinfo->cbsize             = 224
[LOG] SystemI::createSoundInternal             : exinfo->length             = 3883360
[LOG] SystemI::createSoundInternal             : exinfo->fileoffset         = 19424
[LOG] SystemI::createSoundInternal             : exinfo->numsubsounds       = 1
[LOG] SystemI::createSoundInternal             : exinfo->inclusionlist      = 000000DF5DABEF4C
[LOG] SystemI::createSoundInternal             : exinfo->inclusionlistnum   = 1
[LOG] SystemI::createSoundInternal             : exinfo->suggestedsoundtype = 5
[LOG] SystemI::createSoundInternal             : exinfo->useropen           = 00007FFFEFF37F20
[LOG] SystemI::createSoundInternal             : exinfo->userclose          = 00007FFFEFF37EF0
[LOG] SystemI::createSoundInternal             : exinfo->userread           = 00007FFFEFF37FF0
[LOG] SystemI::createSoundInternal             : exinfo->userseek           = 00007FFFEFF380B0
[LOG] SystemI::createSoundInternal             : exinfo->fileuserdata       = 000002CA0E044128
[LOG] SystemI::createSoundInternal             : exinfo->initialseekpostype = 1
[LOG] SystemI::DSPCodecPoolRegister            : register codec pool for pool type 5
[LOG] SystemI::createSoundInternal             : Sample 0/1: name='HardSynth', format=2, channels=2, frequency=48000, lengthbytes=16288, lengthpcm=94778, pcmblocksize=0, loopstart=0, loopend=0, mode=0x00000000, channelmask=0x00000000, channelorder=0, peakvolume=0.732880.
[LOG] SystemI::createSoundInternal             : Create name='', mode=0x02000202
[LOG] SystemI::createSoundInternal             : exinfo->cbsize             = 224
[LOG] SystemI::createSoundInternal             : exinfo->length             = 3883360
[LOG] SystemI::createSoundInternal             : exinfo->fileoffset         = 19424
[LOG] SystemI::createSoundInternal             : exinfo->numsubsounds       = 1
[LOG] SystemI::createSoundInternal             : exinfo->inclusionlist      = 000000DF5DABEF4C
[LOG] SystemI::createSoundInternal             : exinfo->inclusionlistnum   = 1
[LOG] SystemI::createSoundInternal             : exinfo->suggestedsoundtype = 5
[LOG] SystemI::createSoundInternal             : exinfo->useropen           = 00007FFFEFF37F20
[LOG] SystemI::createSoundInternal             : exinfo->userclose          = 00007FFFEFF37EF0
[LOG] SystemI::createSoundInternal             : exinfo->userread           = 00007FFFEFF37FF0
[LOG] SystemI::createSoundInternal             : exinfo->userseek           = 00007FFFEFF380B0
[LOG] SystemI::createSoundInternal             : exinfo->fileuserdata       = 000002CA0E044128
[LOG] SystemI::createSoundInternal             : exinfo->initialseekpostype = 1
[LOG] SystemI::DSPCodecPoolRegister            : register codec pool for pool type 5
[LOG] SystemI::createSoundInternal             : Sample 0/1: name='SoEmotionalDrums', format=2, channels=2, frequency=48000, lengthbytes=44608, lengthpcm=167462, pcmblocksize=0, loopstart=0, loopend=0, mode=0x00000000, channelmask=0x00000000, channelorder=0, peakvolume=0.530792.
[LOG] SoundI::release                          :  (000002C9FB11BAD8)
[LOG] SoundI::release                          :     HardSynth (000002C98B9AD8E8)
[LOG] SoundI::release                          :  (000002C9FB11B238)
[LOG] SoundI::release                          :     SoEmotionalDrums (000002C98B9ACD88)
[LOG] SoundI::release                          :  (000002C9FB11B3A8)
[LOG] SoundI::release                          :     FilteredSynth (000002C98B9AC088)
[LOG] Manager::readBank                        : fileversion = 123, compatVersion = 119 (oldest = 44, newest = 123)
[LOG] PlaybackSystem::acquireMasterBus         : Setting master channel group format to 6
[LOG] SystemI::createSoundInternal             : Create name='', mode=0x02000202
[LOG] SystemI::createSoundInternal             : exinfo->cbsize             = 224
[LOG] SystemI::createSoundInternal             : exinfo->length             = 3883360
[LOG] SystemI::createSoundInternal             : exinfo->fileoffset         = 19424
[LOG] SystemI::createSoundInternal             : exinfo->numsubsounds       = 1
[LOG] SystemI::createSoundInternal             : exinfo->inclusionlist      = 000000DF5DABEF4C
[LOG] SystemI::createSoundInternal             : exinfo->inclusionlistnum   = 1
[LOG] SystemI::createSoundInternal             : exinfo->suggestedsoundtype = 5
[LOG] SystemI::createSoundInternal             : exinfo->useropen           = 00007FFFEFF37F20
[LOG] SystemI::createSoundInternal             : exinfo->userclose          = 00007FFFEFF37EF0
[LOG] SystemI::createSoundInternal             : exinfo->userread           = 00007FFFEFF37FF0
[LOG] SystemI::createSoundInternal             : exinfo->userseek           = 00007FFFEFF380B0
[LOG] SystemI::createSoundInternal             : exinfo->fileuserdata       = 000002CA0E03E878
[LOG] SystemI::createSoundInternal             : exinfo->initialseekpostype = 1
[LOG] SystemI::DSPCodecPoolRegister            : register codec pool for pool type 5
[LOG] SystemI::createSoundInternal             : Sample 0/1: name='475094__josh74000mc__thunder3', format=2, channels=2, frequency=48000, lengthbytes=47456, lengthpcm=169294, pcmblocksize=0, loopstart=0, loopend=0, mode=0x00000000, channelmask=0x00000000, channelorder=0, peakvolume=0.999969.
[LOG] SystemI::createSound                     : filename = D:/Weatheer/WeatherDome11_11/Build/Desktop/Master.bank : mode 02010082
[LOG] SystemI::createSound                     : FMOD_NONBLOCKING specified.  Putting into queue to be opened asynchronously!
[LOG] SystemI::createSound                     : setdata soundi = 000002C9ABE539E8 : node = 000002CA09E38C00
[LOG] SystemI::createSound                     : add node to async list : head = 000002C984B8BA18.  list count = 0
[LOG] AsyncThread::threadFunc                  : Starting Asynchronous operation on sound 000002C9ABE539E8
[LOG] SystemI::createSound                     : filename = D:/Weatheer/WeatherDome11_11/Build/Desktop/Master.bank : mode 02010082
[LOG] SystemI::createSoundInternal             :     Create name='D:/Weatheer/WeatherDome11_11/Build/Desktop/Master.bank', mode=0x02010082
[LOG] SystemI::createSound                     :     FMOD_NONBLOCKING specified.  Putting into queue to be opened asynchronously!
[LOG] SystemI::createSoundInternal             :     exinfo->cbsize             = 224
[LOG] SystemI::createSound                     :     setdata soundi = 000002C9ABE53B98 : node = 000002CA09E38340
[LOG] SystemI::createSoundInternal             :     exinfo->length             = 3883360
[LOG] SystemI::createSound                     :     add node to async list : head = 000002C984B8BA18.  list count = 0
[LOG] SystemI::createSoundInternal             :     exinfo->fileoffset         = 19424
[LOG] SystemI::createSoundInternal             :     exinfo->numsubsounds       = 1
[LOG] SystemI::createSoundInternal             :     exinfo->inclusionlist      = 000002CA09E38D10
[LOG] SystemI::createSoundInternal             :     exinfo->inclusionlistnum   = 1
[LOG] SystemI::createSoundInternal             :     exinfo->suggestedsoundtype = 5
[LOG] SystemI::createSoundInternal             :     exinfo->initialseekpostype = 1
[LOG] SystemI::createSoundInternal             :     Stream 0/1: name='464731__heymanzzzz__chill-vibe', format=2, channels=2, frequency=48000, lengthbytes=2068064, lengthpcm=7154527, pcmblocksize=0, loopstart=0, loopend=0, mode=0x00000000, channelmask=0x00000000, channelorder=0, peakvolume=0.999969.
[LOG] AsyncThread::threadFunc                  : Finished Asynchronous operation on sound 000002C9ABE539E8
[LOG] AsyncThread::threadFunc                  : Starting Asynchronous operation on sound 000002C9ABE53B98
[LOG] SystemI::createSoundInternal             :     Create name='D:/Weatheer/WeatherDome11_11/Build/Desktop/Master.bank', mode=0x02010082
[LOG] SystemI::createSoundInternal             :     exinfo->cbsize             = 224
[LOG] SystemI::createSoundInternal             :     exinfo->length             = 3883360
[LOG] SystemI::createSoundInternal             :     exinfo->fileoffset         = 19424
[LOG] SystemI::createSoundInternal             :     exinfo->numsubsounds       = 1
[LOG] SystemI::createSoundInternal             :     exinfo->inclusionlist      = 000002CA09E38450
[LOG] SystemI::createSoundInternal             :     exinfo->inclusionlistnum   = 1
[LOG] SystemI::createSoundInternal             :     exinfo->suggestedsoundtype = 5
[LOG] SystemI::createSoundInternal             :     exinfo->initialseekposition = 300
[LOG] SystemI::createSoundInternal             :     exinfo->initialseekpostype = 1
[LOG] SystemI::createSoundInternal             :     Stream 0/1: name='243627__lebaston100__heavy-rain', format=2, channels=2, frequency=48000, lengthbytes=1018368, lengthpcm=4966470, pcmblocksize=0, loopstart=0, loopend=0, mode=0x00000000, channelmask=0x00000000, channelorder=0, peakvolume=1.000000.
[LOG] AsyncThread::threadFunc                  : Finished Asynchronous operation on sound 000002C9ABE53B98
[LOG] SoundI::getSubSound                      : sound 000002C9ABE539E8.  Subsound index 0 / 1
[LOG] SoundI::getSubSound                      : sound 000002C9ABE53B98.  Subsound index 0 / 1
[LOG] SoundI::release                          :  (000002C9FB11B238)
[LOG] SoundI::release                          :     475094__josh74000mc__thunder3 (000002C98B9ACBE8)
[LOG] SoundI::release                          : 243627__lebaston100__heavy-rain (000002C9ABE53B98)
[LOG] SoundI::release                          :     243627__lebaston100__heavy-rain (000002C98B9ACD88)
[LOG] SoundI::release                          :     243627__lebaston100__heavy-rain (000002CA1488BD18)
[LOG] SoundI::release                          : 464731__heymanzzzz__chill-vibe (000002C9ABE539E8)
[LOG] SoundI::release                          :     464731__heymanzzzz__chill-vibe (000002C98B9AD408)
[LOG] SoundI::release                          :     464731__heymanzzzz__chill-vibe (000002CA1488BEC8)
[LOG] Manager::readBank                        : fileversion = 123, compatVersion = 119 (oldest = 44, newest = 123)
[LOG] PlaybackSystem::acquireMasterBus         : Setting master channel group format to 6
[LOG] SystemI::createSoundInternal             : Create name='', mode=0x02000202
[LOG] SystemI::createSoundInternal             : exinfo->cbsize             = 224
[LOG] SystemI::createSoundInternal             : exinfo->length             = 3883360
[LOG] SystemI::createSoundInternal             : exinfo->fileoffset         = 19424
[LOG] SystemI::createSoundInternal             : exinfo->numsubsounds       = 1
[LOG] SystemI::createSoundInternal             : exinfo->inclusionlist      = 000000DF5DABEF4C
[LOG] SystemI::createSoundInternal             : exinfo->inclusionlistnum   = 1
[LOG] SystemI::createSoundInternal             : exinfo->suggestedsoundtype = 5
[LOG] SystemI::createSoundInternal             : exinfo->useropen           = 00007FFFEFF37F20
[LOG] SystemI::createSoundInternal             : exinfo->userclose          = 00007FFFEFF37EF0
[LOG] SystemI::createSoundInternal             : exinfo->userread           = 00007FFFEFF37FF0
[LOG] SystemI::createSoundInternal             : exinfo->userseek           = 00007FFFEFF380B0
[LOG] SystemI::createSoundInternal             : exinfo->fileuserdata       = 000002CA0E03E878
[LOG] SystemI::createSoundInternal             : exinfo->initialseekpostype = 1
[LOG] SystemI::DSPCodecPoolRegister            : register codec pool for pool type 5
[LOG] SystemI::createSoundInternal             : Sample 0/1: name='MicrosoftSynth', format=2, channels=1, frequency=48000, lengthbytes=7776, lengthpcm=51409, pcmblocksize=0, loopstart=0, loopend=0, mode=0x00000000, channelmask=0x00000000, channelorder=0, peakvolume=0.757904.
[LOG] SystemI::createSoundInternal             : Create name='', mode=0x02000202
[LOG] SystemI::createSoundInternal             : exinfo->cbsize             = 224
[LOG] SystemI::createSoundInternal             : exinfo->length             = 3883360
[LOG] SystemI::createSoundInternal             : exinfo->fileoffset         = 19424
[LOG] SystemI::createSoundInternal             : exinfo->numsubsounds       = 1
[LOG] SystemI::createSoundInternal             : exinfo->inclusionlist      = 000000DF5DABEF4C
[LOG] SystemI::createSoundInternal             : exinfo->inclusionlistnum   = 1
[LOG] SystemI::createSoundInternal             : exinfo->suggestedsoundtype = 5
[LOG] SystemI::createSoundInternal             : exinfo->useropen           = 00007FFFEFF37F20
[LOG] SystemI::createSoundInternal             : exinfo->userclose          = 00007FFFEFF37EF0
[LOG] SystemI::createSoundInternal             : exinfo->userread           = 00007FFFEFF37FF0
[LOG] SystemI::createSoundInternal             : exinfo->userseek           = 00007FFFEFF380B0
[LOG] SystemI::createSoundInternal             : exinfo->fileuserdata       = 000002CA0E03E878
[LOG] SystemI::createSoundInternal             : exinfo->initialseekpostype = 1
[LOG] SystemI::DSPCodecPoolRegister            : register codec pool for pool type 5
[LOG] SystemI::createSoundInternal             : Sample 0/1: name='SoEmotionalSynth', format=2, channels=2, frequency=48000, lengthbytes=81888, lengthpcm=339774, pcmblocksize=0, loopstart=0, loopend=0, mode=0x00000000, channelmask=0x00000000, channelorder=0, peakvolume=0.742096.
[LOG] SoundI::release                          :  (000002C9FB11B3A8)
[LOG] SoundI::release                          :     SoEmotionalSynth (000002C98B9ACBE8)
[LOG] SoundI::release                          :  (000002C9FB11B238)
[LOG] SoundI::release                          :     MicrosoftSynth (000002C98B9AD408)
[LOG] Manager::readBank                        : fileversion = 123, compatVersion = 119 (oldest = 44, newest = 123)
[LOG] PlaybackSystem::acquireMasterBus         : Setting master channel group format to 6
[LOG] SystemI::createSound                     : filename = D:/Weatheer/WeatherDome11_11/Build/Desktop/Master.bank : mode 02010082
[LOG] SystemI::createSound                     : FMOD_NONBLOCKING specified.  Putting into queue to be opened asynchronously!
[LOG] SystemI::createSound                     : setdata soundi = 000002C9ABE53688 : node = 000002CA09E385C0
[LOG] SystemI::createSound                     : add node to async list : head = 000002C984B8BA18.  list count = 0
[LOG] AsyncThread::threadFunc                  : Starting Asynchronous operation on sound 000002C9ABE53688
[LOG] SystemI::createSoundInternal             :     Create name='D:/Weatheer/WeatherDome11_11/Build/Desktop/Master.bank', mode=0x02010082
[LOG] SystemI::createSoundInternal             :     exinfo->cbsize             = 224
[LOG] SystemI::createSoundInternal             :     exinfo->length             = 3883360
[LOG] SystemI::createSoundInternal             :     exinfo->fileoffset         = 19424
[LOG] SystemI::createSoundInternal             :     exinfo->numsubsounds       = 1
[LOG] SystemI::createSoundInternal             :     exinfo->inclusionlist      = 000002CA09E386D0
[LOG] SystemI::createSoundInternal             :     exinfo->inclusionlistnum   = 1
[LOG] SystemI::createSoundInternal             :     exinfo->suggestedsoundtype = 5
[LOG] SystemI::createSoundInternal             :     exinfo->initialseekpostype = 1
[LOG] SystemI::createSoundInternal             :     Stream 0/1: name='stardust_harp', format=2, channels=2, frequency=48000, lengthbytes=589440, lengthpcm=2764800, pcmblocksize=0, loopstart=0, loopend=0, mode=0x00000000, channelmask=0x00000000, channelorder=0, peakvolume=0.568848.
[LOG] AsyncThread::threadFunc                  : Finished Asynchronous operation on sound 000002C9ABE53688
[LOG] SoundI::getSubSound                      : sound 000002C9ABE53688.  Subsound index 0 / 1
[LOG] SoundI::release                          : stardust_harp (000002C9ABE53688)
[LOG] SoundI::release                          :     stardust_harp (000002C98B9ACBE8)
[LOG] SoundI::release                          :     stardust_harp (000002CA1488B658)
[LOG] Manager::readBank                        : fileversion = 123, compatVersion = 119 (oldest = 44, newest = 123)
[LOG] PlaybackSystem::acquireMasterBus         : Setting master channel group format to 6
[LOG] SystemI::createSound                     : filename = D:/Weatheer/WeatherDome11_11/Build/Desktop/Master.bank : mode 02010082
[LOG] SystemI::createSound                     : FMOD_NONBLOCKING specified.  Putting into queue to be opened asynchronously!
[LOG] SystemI::createSound                     : setdata soundi = 000002C9ABE52FC8 : node = 000002CA09E38C00
[LOG] SystemI::createSound                     : add node to async list : head = 000002C984B8BA18.  list count = 0
[LOG] AsyncThread::threadFunc                  : Starting Asynchronous operation on sound 000002C9ABE52FC8
[LOG] SystemI::createSoundInternal             :     Create name='D:/Weatheer/WeatherDome11_11/Build/Desktop/Master.bank', mode=0x02010082
[LOG] SystemI::createSoundInternal             :     exinfo->cbsize             = 224
[LOG] SystemI::createSoundInternal             :     exinfo->length             = 3883360
[LOG] SystemI::createSoundInternal             :     exinfo->fileoffset         = 19424
[LOG] SystemI::createSoundInternal             :     exinfo->numsubsounds       = 1
[LOG] SystemI::createSoundInternal             :     exinfo->inclusionlist      = 000002CA09E38D10
[LOG] SystemI::createSoundInternal             :     exinfo->inclusionlistnum   = 1
[LOG] SystemI::createSoundInternal             :     exinfo->suggestedsoundtype = 5
[LOG] SystemI::createSoundInternal             :     exinfo->initialseekpostype = 1
[LOG] SystemI::createSoundInternal             :     Stream 0/1: name='stardust_harp', format=2, channels=2, frequency=48000, lengthbytes=589440, lengthpcm=2764800, pcmblocksize=0, loopstart=0, loopend=0, mode=0x00000000, channelmask=0x00000000, channelorder=0, peakvolume=0.568848.
[LOG] AsyncThread::threadFunc                  : Finished Asynchronous operation on sound 000002C9ABE52FC8
[LOG] SoundI::getSubSound                      : sound 000002C9ABE52FC8.  Subsound index 0 / 1
[LOG] SoundI::release                          : stardust_harp (000002C9ABE52FC8)
[LOG] SoundI::release                          :     stardust_harp (000002C98B9AC088)
[LOG] SoundI::release                          :     stardust_harp (000002CA1488C078)
[LOG] Manager::readBank                        : fileversion = 123, compatVersion = 119 (oldest = 44, newest = 123)
[LOG] PlaybackSystem::acquireMasterBus         : Setting master channel group format to 6
[LOG] SystemI::createSoundInternal             : Create name='', mode=0x02000202
[LOG] SystemI::createSoundInternal             : exinfo->cbsize             = 224
[LOG] SystemI::createSoundInternal             : exinfo->length             = 3883360
[LOG] SystemI::createSoundInternal             : exinfo->fileoffset         = 19424
[LOG] SystemI::createSoundInternal             : exinfo->numsubsounds       = 1
[LOG] SystemI::createSoundInternal             : exinfo->inclusionlist      = 000000DF5DABEF4C
[LOG] SystemI::createSoundInternal             : exinfo->inclusionlistnum   = 1
[LOG] SystemI::createSoundInternal             : exinfo->suggestedsoundtype = 5
[LOG] SystemI::createSoundInternal             : exinfo->useropen           = 00007FFFEFF37F20
[LOG] SystemI::createSoundInternal             : exinfo->userclose          = 00007FFFEFF37EF0
[LOG] SystemI::createSoundInternal             : exinfo->userread           = 00007FFFEFF37FF0
[LOG] SystemI::createSoundInternal             : exinfo->userseek           = 00007FFFEFF380B0
[LOG] SystemI::createSoundInternal             : exinfo->fileuserdata       = 000002CA374D11D8
[LOG] SystemI::createSoundInternal             : exinfo->initialseekpostype = 1
[LOG] SystemI::DSPCodecPoolRegister            : register codec pool for pool type 5
[LOG] SystemI::createSoundInternal             : Sample 0/1: name='MicrosoftSynth', format=2, channels=1, frequency=48000, lengthbytes=7776, lengthpcm=51409, pcmblocksize=0, loopstart=0, loopend=0, mode=0x00000000, channelmask=0x00000000, channelorder=0, peakvolume=0.757904.
[LOG] SystemI::createSoundInternal             : Create name='', mode=0x02000202
[LOG] SystemI::createSoundInternal             : exinfo->cbsize             = 224
[LOG] SystemI::createSoundInternal             : exinfo->length             = 3883360
[LOG] SystemI::createSoundInternal             : exinfo->fileoffset         = 19424
[LOG] SystemI::createSoundInternal             : exinfo->numsubsounds       = 1
[LOG] SystemI::createSoundInternal             : exinfo->inclusionlist      = 000000DF5DABEF4C
[LOG] SystemI::createSoundInternal             : exinfo->inclusionlistnum   = 1
[LOG] SystemI::createSoundInternal             : exinfo->suggestedsoundtype = 5
[LOG] SystemI::createSoundInternal             : exinfo->useropen           = 00007FFFEFF37F20
[LOG] SystemI::createSoundInternal             : exinfo->userclose          = 00007FFFEFF37EF0
[LOG] SystemI::createSoundInternal             : exinfo->userread           = 00007FFFEFF37FF0
[LOG] SystemI::createSoundInternal             : exinfo->userseek           = 00007FFFEFF380B0
[LOG] SystemI::createSoundInternal             : exinfo->fileuserdata       = 000002CA374D11D8
[LOG] SystemI::createSoundInternal             : exinfo->initialseekpostype = 1
[LOG] SystemI::DSPCodecPoolRegister            : register codec pool for pool type 5
[LOG] SystemI::createSoundInternal             : Sample 0/1: name='SoEmotionalSynth', format=2, channels=2, frequency=48000, lengthbytes=81888, lengthpcm=339774, pcmblocksize=0, loopstart=0, loopend=0, mode=0x00000000, channelmask=0x00000000, channelorder=0, peakvolume=0.742096.
[LOG] SoundI::release                          :  (000002C990FC2C58)
[LOG] SoundI::release                          :     SoEmotionalSynth (000002C98B9ACD88)
[LOG] SoundI::release                          :  (000002C990FC2978)
[LOG] SoundI::release                          :     MicrosoftSynth (000002C98B9AD8E8)
[LOG] Manager::readBank                        : fileversion = 123, compatVersion = 119 (oldest = 44, newest = 123)
[LOG] PlaybackSystem::acquireMasterBus         : Setting master channel group format to 6
[LOG] SystemI::createSoundInternal             : Create name='', mode=0x02000202
[LOG] SystemI::createSoundInternal             : exinfo->cbsize             = 224
[LOG] SystemI::createSoundInternal             : exinfo->length             = 3883360
[LOG] SystemI::createSoundInternal             : exinfo->fileoffset         = 19424
[LOG] SystemI::createSoundInternal             : exinfo->numsubsounds       = 1
[LOG] SystemI::createSoundInternal             : exinfo->inclusionlist      = 000000DF5DABEF4C
[LOG] SystemI::createSoundInternal             : exinfo->inclusionlistnum   = 1
[LOG] SystemI::createSoundInternal             : exinfo->suggestedsoundtype = 5
[LOG] SystemI::createSoundInternal             : exinfo->useropen           = 00007FFFEFF37F20
[LOG] SystemI::createSoundInternal             : exinfo->userclose          = 00007FFFEFF37EF0
[LOG] SystemI::createSoundInternal             : exinfo->userread           = 00007FFFEFF37FF0
[LOG] SystemI::createSoundInternal             : exinfo->userseek           = 00007FFFEFF380B0
[LOG] SystemI::createSoundInternal             : exinfo->fileuserdata       = 000002CA374D4358
[LOG] SystemI::createSoundInternal             : exinfo->initialseekpostype = 1
[LOG] SystemI::DSPCodecPoolRegister            : register codec pool for pool type 5
[LOG] SystemI::createSoundInternal             : Sample 0/1: name='MicrosoftSynth', format=2, channels=1, frequency=48000, lengthbytes=7776, lengthpcm=51409, pcmblocksize=0, loopstart=0, loopend=0, mode=0x00000000, channelmask=0x00000000, channelorder=0, peakvolume=0.757904.
[LOG] SystemI::createSoundInternal             : Create name='', mode=0x02000202
[LOG] SystemI::createSoundInternal             : exinfo->cbsize             = 224
[LOG] SystemI::createSoundInternal             : exinfo->length             = 3883360
[LOG] SystemI::createSoundInternal             : exinfo->fileoffset         = 19424
[LOG] SystemI::createSoundInternal             : exinfo->numsubsounds       = 1
[LOG] SystemI::createSoundInternal             : exinfo->inclusionlist      = 000000DF5DABEF4C
[LOG] SystemI::createSoundInternal             : exinfo->inclusionlistnum   = 1
[LOG] SystemI::createSoundInternal             : exinfo->suggestedsoundtype = 5
[LOG] SystemI::createSoundInternal             : exinfo->useropen           = 00007FFFEFF37F20
[LOG] SystemI::createSoundInternal             : exinfo->userclose          = 00007FFFEFF37EF0
[LOG] SystemI::createSoundInternal             : exinfo->userread           = 00007FFFEFF37FF0
[LOG] SystemI::createSoundInternal             : exinfo->userseek           = 00007FFFEFF380B0
[LOG] SystemI::createSoundInternal             : exinfo->fileuserdata       = 000002CA374D4358
[LOG] SystemI::createSoundInternal             : exinfo->initialseekpostype = 1
[LOG] SystemI::DSPCodecPoolRegister            : register codec pool for pool type 5
[LOG] SystemI::createSoundInternal             : Sample 0/1: name='SoEmotionalSynth', format=2, channels=2, frequency=48000, lengthbytes=81888, lengthpcm=339774, pcmblocksize=0, loopstart=0, loopend=0, mode=0x00000000, channelmask=0x00000000, channelorder=0, peakvolume=0.742096.
[LOG] SoundI::release                          :  (000002C990FC2248)
[LOG] SoundI::release                          :     SoEmotionalSynth (000002C98B9ACBE8)
[LOG] SoundI::release                          :  (000002C990FC2528)
[LOG] SoundI::release                          :     MicrosoftSynth (000002C98B9AD748)
[ERR] OutputWASAPI::mixerThread                : GetCurrentPadding returned 0x88890004.  Device was unplugged!
[ERR] OutputWASAPI::mixerThread                : GetCurrentPadding returned 0x88890004.  Device was unplugged!
[LOG] Thread::callback                         : FMOD mixer thread finished.
[LOG] OutputWASAPI::init                       : Mix Format (WAVEFORMATEX): wFormatTag=0xFFFE, nChannels=8, nSamplesPerSec=48000, nAvgBytesPerSec=1536000, nBlockAlign=32, wBitsPerSample=32, cbSize=22.
[LOG] OutputWASAPI::init                       : Mix Format (WAVEFORMATEXTENSIBLE): wValidBitsPerSample=32, dwChannelMask=0x0000063F, SubFormat=00000003-0000-0010-8000-00AA00389B71.
[LOG] OutputWASAPI::init                       : Output buffer size: 4096 samples, latency: 0.00ms, period: 10.00ms, DSP buffer: 1024 * 4
[LOG] DownMix::init                            : dspbuffersize: 1024  rate: 48000. output speaker mode: 7, input speaker mode 3
[LOG] DownMix::init                            : done.
[LOG] Thread::initThread                       : Init FMOD mixer thread. Priority: 3, Stack Size: 81920, Semaphore: No, Sleep Time: 0, Looping: Yes.
[LOG] Manager::readBank                        : fileversion = 123, compatVersion = 119 (oldest = 44, newest = 123)
[LOG] Manager::readBank                        : fileversion = 123, compatVersion = 119 (oldest = 44, newest = 123)
[LOG] Manager::readBank                        : fileversion = 123, compatVersion = 119 (oldest = 44, newest = 123)
[LOG] PlaybackSystem::acquireMasterBus         : Setting master channel group format to 6
[LOG] Thread::callback                         : FMOD Studio bank load thread finished.
[LOG] Thread::callback                         : FMOD Studio sample load thread finished.
[LOG] LiveUpdate::release                      : 
[LOG] LiveUpdate::reset                        : Reset connection (reason Disconnected)
[LOG] Thread::callback                         : FMOD stream thread finished.
[LOG] Thread::callback                         : FMOD mixer thread finished.
[LOG] Thread::callback                         : FMOD nonblocking thread (0) finished.
[LOG] Thread::callback                         : FMOD file thread finished.
[LOG] SystemI::close                           : Closed.
